Using pre-set license
Built from '2022.3/release' branch; Version is '2022.3.5f1 (9674261d40ee) revision 9860134'; Using compiler version '192829333'; Build Type 'Release'
OS: 'Windows 11  (10.0.22621) 64bit Core' Language: 'en' Physical Memory: 8029 MB
BatchMode: 1, IsHumanControllingUs: 0, StartBugReporterOnCrash: 0, Is64bit: 1, IsPro: 1

COMMAND LINE ARGUMENTS:
C:\2022.3.5f1\Editor\Unity.exe
-adb2
-batchMode
-noUpm
-name
AssetImportWorker0
-projectPath
C:/Something Soon
-logFile
Logs/AssetImportWorker0.log
-srvPort
64187
Successfully changed project path to: C:/Something Soon
C:/Something Soon
[UnityMemory] Configuration Parameters - Can be set up in boot.config
    "memorysetup-bucket-allocator-granularity=16"
    "memorysetup-bucket-allocator-bucket-count=8"
    "memorysetup-bucket-allocator-block-size=33554432"
    "memorysetup-bucket-allocator-block-count=8"
    "memorysetup-main-allocator-block-size=16777216"
    "memorysetup-thread-allocator-block-size=16777216"
    "memorysetup-gfx-main-allocator-block-size=16777216"
    "memorysetup-gfx-thread-allocator-block-size=16777216"
    "memorysetup-cache-allocator-block-size=4194304"
    "memorysetup-typetree-allocator-block-size=2097152"
    "memorysetup-profiler-bucket-allocator-granularity=16"
    "memorysetup-profiler-bucket-allocator-bucket-count=8"
    "memorysetup-profiler-bucket-allocator-block-size=33554432"
    "memorysetup-profiler-bucket-allocator-block-count=8"
    "memorysetup-profiler-allocator-block-size=16777216"
    "memorysetup-profiler-editor-allocator-block-size=1048576"
    "memorysetup-temp-allocator-size-main=16777216"
    "memorysetup-job-temp-allocator-block-size=2097152"
    "memorysetup-job-temp-allocator-block-size-background=1048576"
    "memorysetup-job-temp-allocator-reduction-small-platforms=262144"
    "memorysetup-allocator-temp-initial-block-size-main=262144"
    "memorysetup-allocator-temp-initial-block-size-worker=262144"
    "memorysetup-temp-allocator-size-background-worker=32768"
    "memorysetup-temp-allocator-size-job-worker=262144"
    "memorysetup-temp-allocator-size-preload-manager=33554432"
    "memorysetup-temp-allocator-size-nav-mesh-worker=65536"
    "memorysetup-temp-allocator-size-audio-worker=65536"
    "memorysetup-temp-allocator-size-cloud-worker=32768"
    "memorysetup-temp-allocator-size-gi-baking-worker=262144"
    "memorysetup-temp-allocator-size-gfx=262144"
Player connection [17840] Host "[IP] 10.0.0.226 [Port] 0 [Flags] 2 [Guid] 2441318786 [EditorId] 2441318786 [Version] 1048832 [Id] WindowsEditor(7,shroominator) [Debug] 1 [PackageName] WindowsEditor [ProjectName] Editor" joined multi-casting on [225.0.0.222:54997]...

Player connection [17840] Host "[IP] 10.0.0.226 [Port] 0 [Flags] 2 [Guid] 2441318786 [EditorId] 2441318786 [Version] 1048832 [Id] WindowsEditor(7,shroominator) [Debug] 1 [PackageName] WindowsEditor [ProjectName] Editor" joined alternative multi-casting on [225.0.0.222:34997]...

Refreshing native plugins compatible for Editor in 80.40 ms, found 4 plugins.
Preloading 0 native plugins for Editor in 0.00 ms.
Initialize engine version: 2022.3.5f1 (9674261d40ee)
[Subsystems] Discovering subsystems at path C:/2022.3.5f1/Editor/Data/Resources/UnitySubsystems
[Subsystems] Discovering subsystems at path C:/Something Soon/Assets
GfxDevice: creating device client; threaded=0; jobified=0
Direct3D:
    Version:  Direct3D 11.0 [level 11.1]
    Renderer: NVIDIA GeForce GTX 1650 (ID=0x1f91)
    Vendor:   NVIDIA
    VRAM:     3949 MB
    Driver:   31.0.15.3640
Initialize mono
Mono path[0] = 'C:/2022.3.5f1/Editor/Data/Managed'
Mono path[1] = 'C:/2022.3.5f1/Editor/Data/MonoBleedingEdge/lib/mono/unityjit-win32'
Mono config path = 'C:/2022.3.5f1/Editor/Data/MonoBleedingEdge/etc'
Using monoOptions --debugger-agent=transport=dt_socket,embedding=1,server=y,suspend=n,address=127.0.0.1:56656
Begin MonoManager ReloadAssembly
Registering precompiled unity dll's ...
Register platform support module: C:/2022.3.5f1/Editor/Data/PlaybackEngines/WebGLSupport/UnityEditor.WebGL.Extensions.dll
Register platform support module: C:/2022.3.5f1/Editor/Data/PlaybackEngines/WindowsStandaloneSupport/UnityEditor.WindowsStandalone.Extensions.dll
Registered in 0.070663 seconds.
- Loaded All Assemblies, in  2.018 seconds
Native extension for WindowsStandalone target not found
Native extension for WebGL target not found
Mono: successfully reloaded assembly
- Finished resetting the current domain, in  1.603 seconds
Domain Reload Profiling: 3612ms
	BeginReloadAssembly (430ms)
		ExecutionOrderSort (0ms)
		DisableScriptedObjects (0ms)
		BackupInstance (0ms)
		ReleaseScriptingObjects (0ms)
		CreateAndSetChildDomain (2ms)
	RebuildCommonClasses (186ms)
	RebuildNativeTypeToScriptingClass (142ms)
	initialDomainReloadingComplete (547ms)
	LoadAllAssembliesAndSetupDomain (702ms)
		LoadAssemblies (422ms)
		RebuildTransferFunctionScriptingTraits (0ms)
		AnalyzeDomain (671ms)
			TypeCache.Refresh (666ms)
				TypeCache.ScanAssembly (618ms)
			ScanForSourceGeneratedMonoScriptInfo (1ms)
			ResolveRequiredComponents (4ms)
	FinalizeReload (1605ms)
		ReleaseScriptCaches (0ms)
		RebuildScriptCaches (0ms)
		SetupLoadedEditorAssemblies (1297ms)
			LogAssemblyErrors (0ms)
			InitializePlatformSupportModulesInManaged (38ms)
			SetLoadedEditorAssemblies (23ms)
			RefreshPlugins (0ms)
			BeforeProcessingInitializeOnLoad (9ms)
			ProcessInitializeOnLoadAttributes (993ms)
			ProcessInitializeOnLoadMethodAttributes (233ms)
			AfterProcessingInitializeOnLoad (0ms)
			EditorAssembliesLoaded (0ms)
		ExecutionOrderSort2 (0ms)
		AwakeInstancesAfterBackupRestoration (0ms)
========================================================================
Worker process is ready to serve import requests
Begin MonoManager ReloadAssembly
Symbol file LoadedFromMemory doesn't match image C:\Something Soon\Library\PackageCache\com.unity.visualscripting@1.8.0\Editor\VisualScripting.Core\Dependencies\YamlDotNet\Unity.VisualScripting.YamlDotNet.dll
Symbol file LoadedFromMemory doesn't match image C:\Something Soon\Library\PackageCache\com.unity.visualscripting@1.8.0\Editor\VisualScripting.Core\Dependencies\DotNetZip\Unity.VisualScripting.IonicZip.dll
- Loaded All Assemblies, in  3.994 seconds
Refreshing native plugins compatible for Editor in 23.59 ms, found 4 plugins.
Native extension for WindowsStandalone target not found
Native extension for WebGL target not found
Mono: successfully reloaded assembly
- Finished resetting the current domain, in  5.089 seconds
Domain Reload Profiling: 9074ms
	BeginReloadAssembly (605ms)
		ExecutionOrderSort (0ms)
		DisableScriptedObjects (19ms)
		BackupInstance (0ms)
		ReleaseScriptingObjects (0ms)
		CreateAndSetChildDomain (69ms)
	RebuildCommonClasses (137ms)
	RebuildNativeTypeToScriptingClass (39ms)
	initialDomainReloadingComplete (154ms)
	LoadAllAssembliesAndSetupDomain (3047ms)
		LoadAssemblies (1532ms)
		RebuildTransferFunctionScriptingTraits (0ms)
		AnalyzeDomain (1793ms)
			TypeCache.Refresh (1627ms)
				TypeCache.ScanAssembly (1581ms)
			ScanForSourceGeneratedMonoScriptInfo (128ms)
			ResolveRequiredComponents (38ms)
	FinalizeReload (5091ms)
		ReleaseScriptCaches (0ms)
		RebuildScriptCaches (0ms)
		SetupLoadedEditorAssemblies (3419ms)
			LogAssemblyErrors (0ms)
			InitializePlatformSupportModulesInManaged (128ms)
			SetLoadedEditorAssemblies (96ms)
			RefreshPlugins (0ms)
			BeforeProcessingInitializeOnLoad (688ms)
			ProcessInitializeOnLoadAttributes (2293ms)
			ProcessInitializeOnLoadMethodAttributes (187ms)
			AfterProcessingInitializeOnLoad (26ms)
			EditorAssembliesLoaded (0ms)
		ExecutionOrderSort2 (0ms)
		AwakeInstancesAfterBackupRestoration (27ms)
Launched and connected shader compiler UnityShaderCompiler.exe after 0.22 seconds
Refreshing native plugins compatible for Editor in 30.36 ms, found 4 plugins.
Preloading 0 native plugins for Editor in 0.00 ms.
Unloading 4096 Unused Serialized files (Serialized files now loaded: 0)
Unloading 69 unused Assets / (245.0 KB). Loaded Objects now: 4554.
Memory consumption went from 141.3 MB to 141.1 MB.
Total: 17.855500 ms (FindLiveObjects: 1.371200 ms CreateObjectMapping: 1.383900 ms MarkObjects: 14.468100 ms  DeleteObjects: 0.629200 ms)

AssetImportParameters requested are different than current active one (requested -> active):
  custom:container-demuxer-ogg: 62fdf1f143b41e24485cea50d1cbac27 -> 
  custom:video-decoder-ogg-theora: a1e56fd34408186e4bbccfd4996cb3dc -> 
  custom:framework-win-MediaFoundation: 216162199b28c13a410421893ffa2e32 -> 
  custom:CustomObjectIndexerAttribute: 756ad292c208cfabdd7b50bc23989ffe -> 
  custom:container-demuxer-webm: 4f35f7cbe854078d1ac9338744f61a02 -> 
  custom:container-muxer-webm: aa71ff27fc2769a1b78a27578f13a17b -> 
  custom:video-decoder-webm-vp8: 9c59270c3fd7afecdb556c50c9e8de78 -> 
  custom:AudioImporter_EditorPlatform: d09bf68614088b80899f8185d706f6e7 -> 
  custom:video-encoder-webm-vp8: eb34c28f22e8b96e1ab97ce403110664 -> 
  custom:audio-decoder-ogg-vorbis: bf7c407c2cedff20999df2af8eb42d56 -> 
  custom:audio-encoder-webm-vorbis: bf7c407c2cedff20999df2af8eb42d56 -> 
========================================================================
Received Import Request.
  Time since last request: 452218.597138 seconds.
  path: Assets/2D Pixel Art Platformer Biome - Plains/Atlas.spriteatlas
  artifactKey: Guid(73b7fbd841d808f419f70ebc75375c5c) Importer(815301076,1909f56bfc062723c751e8b465ee728b)
Start importing Assets/2D Pixel Art Platformer Biome - Plains/Atlas.spriteatlas using Guid(73b7fbd841d808f419f70ebc75375c5c) Importer(815301076,1909f56bfc062723c751e8b465ee728b)  -> (artifact id: 'fcdb0362b0b021f709470540b0c38d82') in 0.044338 seconds
Number of updated asset objects reloaded before import = 0
Number of asset objects unloaded after import = 1
========================================================================
Received Import Request.
  Time since last request: 0.812929 seconds.
  path: Assets/2D Pixel Art Platformer Biome - Plains
  artifactKey: Guid(33ce3032ca062b048bc50e9301599791) Importer(815301076,1909f56bfc062723c751e8b465ee728b)
Start importing Assets/2D Pixel Art Platformer Biome - Plains using Guid(33ce3032ca062b048bc50e9301599791) Importer(815301076,1909f56bfc062723c751e8b465ee728b)  -> (artifact id: 'e058b8dbc16abc747abd140146f7d38c') in 0.001134 seconds
Number of updated asset objects reloaded before import = 0
Number of asset objects unloaded after import = 0
========================================================================
Received Import Request.
  Time since last request: 0.977192 seconds.
  path: Assets/2D Pixel Art Platformer Biome - Plains/Tilemap
  artifactKey: Guid(6899f6b7cbda8b4459d7bb58555bca4b) Importer(815301076,1909f56bfc062723c751e8b465ee728b)
Start importing Assets/2D Pixel Art Platformer Biome - Plains/Tilemap using Guid(6899f6b7cbda8b4459d7bb58555bca4b) Importer(815301076,1909f56bfc062723c751e8b465ee728b)  -> (artifact id: '1e72675ada73f908eabc348e5fad7874') in 0.000821 seconds
Number of updated asset objects reloaded before import = 0
Number of asset objects unloaded after import = 0
========================================================================
Received Import Request.
  Time since last request: 12.929525 seconds.
  path: Assets/Cainos/Common
  artifactKey: Guid(b07da84b7f3bba44b9a75e50d115c0e8) Importer(815301076,1909f56bfc062723c751e8b465ee728b)
Start importing Assets/Cainos/Common using Guid(b07da84b7f3bba44b9a75e50d115c0e8) Importer(815301076,1909f56bfc062723c751e8b465ee728b)  -> (artifact id: 'beddd0b65f5b263e4e85ba648e7d321d') in 0.004179 seconds
Number of updated asset objects reloaded before import = 0
Number of asset objects unloaded after import = 0
========================================================================
Received Import Request.
  Time since last request: 1.805861 seconds.
  path: Assets/Cainos/Pixel Art Platformer - Village Props
  artifactKey: Guid(1f08d781702466b438d35aa7938d8030) Importer(815301076,1909f56bfc062723c751e8b465ee728b)
Start importing Assets/Cainos/Pixel Art Platformer - Village Props using Guid(1f08d781702466b438d35aa7938d8030) Importer(815301076,1909f56bfc062723c751e8b465ee728b)  -> (artifact id: 'c5a9f88fb0822ccc34650808506651bf') in 0.001231 seconds
Number of updated asset objects reloaded before import = 0
Number of asset objects unloaded after import = 0
========================================================================
Received Import Request.
  Time since last request: 1.390425 seconds.
  path: Assets/Cainos/Pixel Art Platformer - Village Props/Animation
  artifactKey: Guid(df8f3bc6627121d44b0304ccb3d59fea) Importer(815301076,1909f56bfc062723c751e8b465ee728b)
Start importing Assets/Cainos/Pixel Art Platformer - Village Props/Animation using Guid(df8f3bc6627121d44b0304ccb3d59fea) Importer(815301076,1909f56bfc062723c751e8b465ee728b)  -> (artifact id: '1cd719f9757bbfc60ee680f4663db684') in 0.000871 seconds
Number of updated asset objects reloaded before import = 0
Number of asset objects unloaded after import = 0
========================================================================
Received Import Request.
  Time since last request: 0.530970 seconds.
  path: Assets/Cainos/Pixel Art Platformer - Village Props/Material
  artifactKey: Guid(9ac4b6a5224288540a1d038f5d6101e2) Importer(815301076,1909f56bfc062723c751e8b465ee728b)
Start importing Assets/Cainos/Pixel Art Platformer - Village Props/Material using Guid(9ac4b6a5224288540a1d038f5d6101e2) Importer(815301076,1909f56bfc062723c751e8b465ee728b)  -> (artifact id: 'd67ce8a831b3a1e0e3807076c6970069') in 0.002054 seconds
Number of updated asset objects reloaded before import = 0
Number of asset objects unloaded after import = 0
========================================================================
Received Import Request.
  Time since last request: 1.046293 seconds.
  path: Assets/Cainos/Pixel Art Platformer - Village Props/Material/FX
  artifactKey: Guid(b9b835b7372776a458251d0009faeb40) Importer(815301076,1909f56bfc062723c751e8b465ee728b)
Start importing Assets/Cainos/Pixel Art Platformer - Village Props/Material/FX using Guid(b9b835b7372776a458251d0009faeb40) Importer(815301076,1909f56bfc062723c751e8b465ee728b)  -> (artifact id: '3ceb7ab21437be56737a06d087bd3382') in 0.001329 seconds
Number of updated asset objects reloaded before import = 0
Number of asset objects unloaded after import = 0
========================================================================
Received Import Request.
  Time since last request: 0.052826 seconds.
  path: Assets/Cainos/Pixel Art Platformer - Village Props/Material/FX/MT FX Flame.mat
  artifactKey: Guid(dce4faabfa7d00147bb7d853e5c1fbf3) Importer(815301076,1909f56bfc062723c751e8b465ee728b)
Start importing Assets/Cainos/Pixel Art Platformer - Village Props/Material/FX/MT FX Flame.mat using Guid(dce4faabfa7d00147bb7d853e5c1fbf3) Importer(815301076,1909f56bfc062723c751e8b465ee728b)  -> (artifact id: 'b2e09ca02c78949222f7926a21e59a4d') in 0.526040 seconds
Number of updated asset objects reloaded before import = 0
Number of asset objects unloaded after import = 2
========================================================================
Received Import Request.
  Time since last request: 5.160195 seconds.
  path: Assets/Cainos/Pixel Art Platformer - Village Props/Texture
  artifactKey: Guid(4fb7661537e28884697bca33184bdaa0) Importer(815301076,1909f56bfc062723c751e8b465ee728b)
Start importing Assets/Cainos/Pixel Art Platformer - Village Props/Texture using Guid(4fb7661537e28884697bca33184bdaa0) Importer(815301076,1909f56bfc062723c751e8b465ee728b)  -> (artifact id: 'e9a0ad688b2e5e809388473c6ef8aa23') in 0.001078 seconds
Number of updated asset objects reloaded before import = 0
Number of asset objects unloaded after import = 0
========================================================================
Received Import Request.
  Time since last request: 0.051462 seconds.
  path: Assets/Cainos/Pixel Art Platformer - Village Props/Texture/TX Chest Animation.png
  artifactKey: Guid(19e07f9d107e445408633f50457d456e) Importer(815301076,1909f56bfc062723c751e8b465ee728b)
Start importing Assets/Cainos/Pixel Art Platformer - Village Props/Texture/TX Chest Animation.png using Guid(19e07f9d107e445408633f50457d456e) Importer(815301076,1909f56bfc062723c751e8b465ee728b)  -> (artifact id: '2d779ee005209721a70976a7ed53efd6') in 0.438073 seconds
Number of updated asset objects reloaded before import = 0
Number of asset objects unloaded after import = 30
========================================================================
Received Import Request.
  Time since last request: 0.000043 seconds.
  path: Assets/Cainos/Pixel Art Platformer - Village Props/Texture/TX FX Torch Flame.png
  artifactKey: Guid(22a56ebdc97997341afdcb2e902b2ee6) Importer(815301076,1909f56bfc062723c751e8b465ee728b)
Start importing Assets/Cainos/Pixel Art Platformer - Village Props/Texture/TX FX Torch Flame.png using Guid(22a56ebdc97997341afdcb2e902b2ee6) Importer(815301076,1909f56bfc062723c751e8b465ee728b)  -> (artifact id: '5a53ed6e062af0e587df799ffb349b54') in 0.048319 seconds
Number of updated asset objects reloaded before import = 0
Number of asset objects unloaded after import = 3
========================================================================
Received Import Request.
  Time since last request: 0.000085 seconds.
  path: Assets/Cainos/Pixel Art Platformer - Village Props/Texture/TX Tileset Ground.png
  artifactKey: Guid(157cbc340d2b7e64ab85168e80e95550) Importer(815301076,1909f56bfc062723c751e8b465ee728b)
Start importing Assets/Cainos/Pixel Art Platformer - Village Props/Texture/TX Tileset Ground.png using Guid(157cbc340d2b7e64ab85168e80e95550) Importer(815301076,1909f56bfc062723c751e8b465ee728b)  -> (artifact id: '413c0009ea3d4d4bede00f7256aa6c30') in 1.413230 seconds
Number of updated asset objects reloaded before import = 0
Number of asset objects unloaded after import = 167
========================================================================
Received Import Request.
  Time since last request: 9791.348689 seconds.
  path: Assets/2D Pixel Art Platformer Biome - Plains/Tilemap/TileBackGround1.asset
  artifactKey: Guid(a20b6678c312f2a4e99e6557c15cbcb9) Importer(815301076,1909f56bfc062723c751e8b465ee728b)
Start importing Assets/2D Pixel Art Platformer Biome - Plains/Tilemap/TileBackGround1.asset using Guid(a20b6678c312f2a4e99e6557c15cbcb9) Importer(815301076,1909f56bfc062723c751e8b465ee728b)  -> (artifact id: '785ca56c06281a3cdb19f1fc77624675') in 0.896892 seconds
Number of updated asset objects reloaded before import = 0
Number of asset objects unloaded after import = 3
========================================================================
Received Import Request.
  Time since last request: 0.000592 seconds.
  path: Assets/2D Pixel Art Platformer Biome - Plains/Tilemap/TileBackGround5.asset
  artifactKey: Guid(263f6ecf024cc0f45987d45799ca3020) Importer(815301076,1909f56bfc062723c751e8b465ee728b)
Start importing Assets/2D Pixel Art Platformer Biome - Plains/Tilemap/TileBackGround5.asset using Guid(263f6ecf024cc0f45987d45799ca3020) Importer(815301076,1909f56bfc062723c751e8b465ee728b)  -> (artifact id: '7237d47ad5c1d1d175370157cf5de13d') in 0.044097 seconds
Number of updated asset objects reloaded before import = 0
Number of asset objects unloaded after import = 3
========================================================================
Received Import Request.
  Time since last request: 0.000062 seconds.
  path: Assets/2D Pixel Art Platformer Biome - Plains/Tilemap/TileBackGround3.asset
  artifactKey: Guid(4bb2cdba4bc03dc4e80faa978601e239) Importer(815301076,1909f56bfc062723c751e8b465ee728b)
Start importing Assets/2D Pixel Art Platformer Biome - Plains/Tilemap/TileBackGround3.asset using Guid(4bb2cdba4bc03dc4e80faa978601e239) Importer(815301076,1909f56bfc062723c751e8b465ee728b)  -> (artifact id: '26ce6e8a99c4e87a1649cb6475f1a7c6') in 0.029190 seconds
Number of updated asset objects reloaded before import = 0
Number of asset objects unloaded after import = 3
========================================================================
Received Import Request.
  Time since last request: 0.006857 seconds.
  path: Assets/2D Pixel Art Platformer Biome - Plains/Tilemap/TileGround3.asset
  artifactKey: Guid(b5786621548ac4249afcc66e075d6958) Importer(815301076,1909f56bfc062723c751e8b465ee728b)
Start importing Assets/2D Pixel Art Platformer Biome - Plains/Tilemap/TileGround3.asset using Guid(b5786621548ac4249afcc66e075d6958) Importer(815301076,1909f56bfc062723c751e8b465ee728b)  -> (artifact id: '51cb5be5dc5af792291723009edd061c') in 0.026231 seconds
Number of updated asset objects reloaded before import = 0
Number of asset objects unloaded after import = 3
========================================================================
Received Import Request.
  Time since last request: 0.000039 seconds.
  path: Assets/2D Pixel Art Platformer Biome - Plains/Tilemap/TileFence2.asset
  artifactKey: Guid(7f7a96e57a0b80a4197dd5807212ce46) Importer(815301076,1909f56bfc062723c751e8b465ee728b)
Start importing Assets/2D Pixel Art Platformer Biome - Plains/Tilemap/TileFence2.asset using Guid(7f7a96e57a0b80a4197dd5807212ce46) Importer(815301076,1909f56bfc062723c751e8b465ee728b)  -> (artifact id: 'd480ca7cfb57b7dfbcd98d77f73bb403') in 0.026312 seconds
Number of updated asset objects reloaded before import = 0
Number of asset objects unloaded after import = 3
========================================================================
Received Import Request.
  Time since last request: 0.000083 seconds.
  path: Assets/2D Pixel Art Platformer Biome - Plains/Tilemap/TilePlant4.asset
  artifactKey: Guid(c8399ecdf3066f64095b0af3f316928a) Importer(815301076,1909f56bfc062723c751e8b465ee728b)
Start importing Assets/2D Pixel Art Platformer Biome - Plains/Tilemap/TilePlant4.asset using Guid(c8399ecdf3066f64095b0af3f316928a) Importer(815301076,1909f56bfc062723c751e8b465ee728b)  -> (artifact id: '23f4f5e60bad9ba07d8d7737c30012c9') in 0.026346 seconds
Number of updated asset objects reloaded before import = 0
Number of asset objects unloaded after import = 3
========================================================================
Received Import Request.
  Time since last request: 0.000044 seconds.
  path: Assets/2D Pixel Art Platformer Biome - Plains/Tilemap/TileFence4.asset
  artifactKey: Guid(8d0152e8363424749bf4c34f45015ecd) Importer(815301076,1909f56bfc062723c751e8b465ee728b)
Start importing Assets/2D Pixel Art Platformer Biome - Plains/Tilemap/TileFence4.asset using Guid(8d0152e8363424749bf4c34f45015ecd) Importer(815301076,1909f56bfc062723c751e8b465ee728b)  -> (artifact id: '069dbbf89f6816548e19cf9904efac41') in 0.030873 seconds
Number of updated asset objects reloaded before import = 0
Number of asset objects unloaded after import = 3
========================================================================
Received Import Request.
  Time since last request: 0.000080 seconds.
  path: Assets/2D Pixel Art Platformer Biome - Plains/Tilemap/TileGround11.asset
  artifactKey: Guid(8b59561cece8f5d44b5ac283be1e5e9d) Importer(815301076,1909f56bfc062723c751e8b465ee728b)
Start importing Assets/2D Pixel Art Platformer Biome - Plains/Tilemap/TileGround11.asset using Guid(8b59561cece8f5d44b5ac283be1e5e9d) Importer(815301076,1909f56bfc062723c751e8b465ee728b)  -> (artifact id: '1ee8044acde98bb93affeb082eab90c3') in 0.022452 seconds
Number of updated asset objects reloaded before import = 0
Number of asset objects unloaded after import = 3
========================================================================
Received Import Request.
  Time since last request: 0.000044 seconds.
  path: Assets/2D Pixel Art Platformer Biome - Plains/Tilemap/TilePlant3.asset
  artifactKey: Guid(f041f16b65ad7ae4fb8f497cf7ed797f) Importer(815301076,1909f56bfc062723c751e8b465ee728b)
Start importing Assets/2D Pixel Art Platformer Biome - Plains/Tilemap/TilePlant3.asset using Guid(f041f16b65ad7ae4fb8f497cf7ed797f) Importer(815301076,1909f56bfc062723c751e8b465ee728b)  -> (artifact id: '8d49dddaa9393c41bbcf8e4a01a84f6a') in 0.021499 seconds
Number of updated asset objects reloaded before import = 0
Number of asset objects unloaded after import = 3
========================================================================
Received Import Request.
  Time since last request: 0.000053 seconds.
  path: Assets/2D Pixel Art Platformer Biome - Plains/Tilemap/TilePlant1.asset
  artifactKey: Guid(b09b8ea0dfcd66e41a1908df9b62a2c4) Importer(815301076,1909f56bfc062723c751e8b465ee728b)
Start importing Assets/2D Pixel Art Platformer Biome - Plains/Tilemap/TilePlant1.asset using Guid(b09b8ea0dfcd66e41a1908df9b62a2c4) Importer(815301076,1909f56bfc062723c751e8b465ee728b)  -> (artifact id: '47c0965d22a591de613ee55e6013dc1f') in 0.022284 seconds
Number of updated asset objects reloaded before import = 0
Number of asset objects unloaded after import = 3
========================================================================
Received Import Request.
  Time since last request: 0.000058 seconds.
  path: Assets/2D Pixel Art Platformer Biome - Plains/Tilemap/TileBackGround12.asset
  artifactKey: Guid(d134ecc3c52829f41a543d6661b388e0) Importer(815301076,1909f56bfc062723c751e8b465ee728b)
Start importing Assets/2D Pixel Art Platformer Biome - Plains/Tilemap/TileBackGround12.asset using Guid(d134ecc3c52829f41a543d6661b388e0) Importer(815301076,1909f56bfc062723c751e8b465ee728b)  -> (artifact id: 'b8e4b5e48ab8fadffe374c4f4fd29421') in 0.016721 seconds
Number of updated asset objects reloaded before import = 0
Number of asset objects unloaded after import = 3
========================================================================
Received Import Request.
  Time since last request: 0.000062 seconds.
  path: Assets/2D Pixel Art Platformer Biome - Plains/Tilemap/TileGround15.asset
  artifactKey: Guid(1089e1ef69437444f970a2934489ec8c) Importer(815301076,1909f56bfc062723c751e8b465ee728b)
Start importing Assets/2D Pixel Art Platformer Biome - Plains/Tilemap/TileGround15.asset using Guid(1089e1ef69437444f970a2934489ec8c) Importer(815301076,1909f56bfc062723c751e8b465ee728b)  -> (artifact id: '486de7eb773edf63655b9953241895f9') in 0.020890 seconds
Number of updated asset objects reloaded before import = 0
Number of asset objects unloaded after import = 3
========================================================================
Received Import Request.
  Time since last request: 0.000045 seconds.
  path: Assets/2D Pixel Art Platformer Biome - Plains/Tilemap/TileGround24.asset
  artifactKey: Guid(8212ce8be5c5c3b46898e902287c288f) Importer(815301076,1909f56bfc062723c751e8b465ee728b)
Start importing Assets/2D Pixel Art Platformer Biome - Plains/Tilemap/TileGround24.asset using Guid(8212ce8be5c5c3b46898e902287c288f) Importer(815301076,1909f56bfc062723c751e8b465ee728b)  -> (artifact id: '934344879ed3a78f5d97b27f87dbc0a6') in 0.027257 seconds
Number of updated asset objects reloaded before import = 0
Number of asset objects unloaded after import = 3
========================================================================
Received Import Request.
  Time since last request: 0.000050 seconds.
  path: Assets/2D Pixel Art Platformer Biome - Plains/Tilemap/TileGround20.asset
  artifactKey: Guid(b6f37964f2863bb47ae5c26f46db48cf) Importer(815301076,1909f56bfc062723c751e8b465ee728b)
Start importing Assets/2D Pixel Art Platformer Biome - Plains/Tilemap/TileGround20.asset using Guid(b6f37964f2863bb47ae5c26f46db48cf) Importer(815301076,1909f56bfc062723c751e8b465ee728b)  -> (artifact id: '2c11af54c03db58148f16095405eb88c') in 0.022071 seconds
Number of updated asset objects reloaded before import = 0
Number of asset objects unloaded after import = 3
========================================================================
Received Import Request.
  Time since last request: 0.000047 seconds.
  path: Assets/2D Pixel Art Platformer Biome - Plains/Tilemap/TileBackGround9.asset
  artifactKey: Guid(bf0b7365c73984743ab3b83ad619829e) Importer(815301076,1909f56bfc062723c751e8b465ee728b)
Start importing Assets/2D Pixel Art Platformer Biome - Plains/Tilemap/TileBackGround9.asset using Guid(bf0b7365c73984743ab3b83ad619829e) Importer(815301076,1909f56bfc062723c751e8b465ee728b)  -> (artifact id: 'e7be6594868a94784c202f56c073d877') in 0.032311 seconds
Number of updated asset objects reloaded before import = 0
Number of asset objects unloaded after import = 3
========================================================================
Received Import Request.
  Time since last request: 0.000041 seconds.
  path: Assets/2D Pixel Art Platformer Biome - Plains/Tilemap/TileGround4.asset
  artifactKey: Guid(5c6fb09ef79aeeb47bfe32d15bc1f52a) Importer(815301076,1909f56bfc062723c751e8b465ee728b)
Start importing Assets/2D Pixel Art Platformer Biome - Plains/Tilemap/TileGround4.asset using Guid(5c6fb09ef79aeeb47bfe32d15bc1f52a) Importer(815301076,1909f56bfc062723c751e8b465ee728b)  -> (artifact id: '8f4db40d208a3daa7ce8b24f657abeac') in 0.021736 seconds
Number of updated asset objects reloaded before import = 0
Number of asset objects unloaded after import = 3
========================================================================
Received Import Request.
  Time since last request: 0.000042 seconds.
  path: Assets/2D Pixel Art Platformer Biome - Plains/Tilemap/TileFence6.asset
  artifactKey: Guid(0db61ca3cdc7fb344b35a9f4956c0bac) Importer(815301076,1909f56bfc062723c751e8b465ee728b)
Start importing Assets/2D Pixel Art Platformer Biome - Plains/Tilemap/TileFence6.asset using Guid(0db61ca3cdc7fb344b35a9f4956c0bac) Importer(815301076,1909f56bfc062723c751e8b465ee728b)  -> (artifact id: '360f469de55c574ddce637168c072f5b') in 0.028425 seconds
Number of updated asset objects reloaded before import = 0
Number of asset objects unloaded after import = 3
========================================================================
Received Import Request.
  Time since last request: 0.000049 seconds.
  path: Assets/2D Pixel Art Platformer Biome - Plains/Tilemap/TilePlant2.asset
  artifactKey: Guid(5d78d4d83f5fa8342882bbfab1f36d52) Importer(815301076,1909f56bfc062723c751e8b465ee728b)
Start importing Assets/2D Pixel Art Platformer Biome - Plains/Tilemap/TilePlant2.asset using Guid(5d78d4d83f5fa8342882bbfab1f36d52) Importer(815301076,1909f56bfc062723c751e8b465ee728b)  -> (artifact id: 'f06eb2efd68046c82f2f46f278d5d3e5') in 0.024851 seconds
Number of updated asset objects reloaded before import = 0
Number of asset objects unloaded after import = 3
========================================================================
Received Import Request.
  Time since last request: 0.000042 seconds.
  path: Assets/2D Pixel Art Platformer Biome - Plains/Tilemap/TileBackGround4.asset
  artifactKey: Guid(106ba10e377b3774ead95fd3e8cc1f50) Importer(815301076,1909f56bfc062723c751e8b465ee728b)
Start importing Assets/2D Pixel Art Platformer Biome - Plains/Tilemap/TileBackGround4.asset using Guid(106ba10e377b3774ead95fd3e8cc1f50) Importer(815301076,1909f56bfc062723c751e8b465ee728b)  -> (artifact id: '47888acca8601e79a077668788e11943') in 0.024814 seconds
Number of updated asset objects reloaded before import = 0
Number of asset objects unloaded after import = 3
========================================================================
Received Import Request.
  Time since last request: 0.000064 seconds.
  path: Assets/2D Pixel Art Platformer Biome - Plains/Tilemap/TileGround12.asset
  artifactKey: Guid(24ecd063bf39372418d96902ad25ebaa) Importer(815301076,1909f56bfc062723c751e8b465ee728b)
Start importing Assets/2D Pixel Art Platformer Biome - Plains/Tilemap/TileGround12.asset using Guid(24ecd063bf39372418d96902ad25ebaa) Importer(815301076,1909f56bfc062723c751e8b465ee728b)  -> (artifact id: 'dbbc30d0c666db878bdb3b8266c8e483') in 0.019514 seconds
Number of updated asset objects reloaded before import = 0
Number of asset objects unloaded after import = 3
========================================================================
Received Import Request.
  Time since last request: 0.000105 seconds.
  path: Assets/2D Pixel Art Platformer Biome - Plains/Tilemap/TileFence5.asset
  artifactKey: Guid(930e1631852933741874f673e047798c) Importer(815301076,1909f56bfc062723c751e8b465ee728b)
Start importing Assets/2D Pixel Art Platformer Biome - Plains/Tilemap/TileFence5.asset using Guid(930e1631852933741874f673e047798c) Importer(815301076,1909f56bfc062723c751e8b465ee728b)  -> (artifact id: 'aec2722ba64b928b0f621cdcec138380') in 0.018552 seconds
Number of updated asset objects reloaded before import = 0
Number of asset objects unloaded after import = 3
========================================================================
Received Import Request.
  Time since last request: 0.000045 seconds.
  path: Assets/2D Pixel Art Platformer Biome - Plains/Tilemap/TileGround10.asset
  artifactKey: Guid(4c329af66fb645a458371db3a4f26a46) Importer(815301076,1909f56bfc062723c751e8b465ee728b)
Start importing Assets/2D Pixel Art Platformer Biome - Plains/Tilemap/TileGround10.asset using Guid(4c329af66fb645a458371db3a4f26a46) Importer(815301076,1909f56bfc062723c751e8b465ee728b)  -> (artifact id: '215e478745b19665a74456b77f2f024d') in 0.021058 seconds
Number of updated asset objects reloaded before import = 0
Number of asset objects unloaded after import = 3
========================================================================
Received Import Request.
  Time since last request: 0.000043 seconds.
  path: Assets/2D Pixel Art Platformer Biome - Plains/Tilemap/TileBackGround13.asset
  artifactKey: Guid(4d41f0ed146e8854bad65bf4398f9bcd) Importer(815301076,1909f56bfc062723c751e8b465ee728b)
Start importing Assets/2D Pixel Art Platformer Biome - Plains/Tilemap/TileBackGround13.asset using Guid(4d41f0ed146e8854bad65bf4398f9bcd) Importer(815301076,1909f56bfc062723c751e8b465ee728b)  -> (artifact id: 'a5cfac62e5c0e55fd1407933c74a3ace') in 0.022491 seconds
Number of updated asset objects reloaded before import = 0
Number of asset objects unloaded after import = 3
========================================================================
Received Import Request.
  Time since last request: 0.000043 seconds.
  path: Assets/2D Pixel Art Platformer Biome - Plains/Tilemap/TileGround17.asset
  artifactKey: Guid(812e0425d85bae645ab0e947dc2077b2) Importer(815301076,1909f56bfc062723c751e8b465ee728b)
Start importing Assets/2D Pixel Art Platformer Biome - Plains/Tilemap/TileGround17.asset using Guid(812e0425d85bae645ab0e947dc2077b2) Importer(815301076,1909f56bfc062723c751e8b465ee728b)  -> (artifact id: '0c4568f5e3e48eae11986ae6de5ffc12') in 0.015185 seconds
Number of updated asset objects reloaded before import = 0
Number of asset objects unloaded after import = 3
========================================================================
Received Import Request.
  Time since last request: 0.000057 seconds.
  path: Assets/2D Pixel Art Platformer Biome - Plains/Tilemap/TileGround22.asset
  artifactKey: Guid(6fdb451d5be3c224e845031c34bccfe7) Importer(815301076,1909f56bfc062723c751e8b465ee728b)
Start importing Assets/2D Pixel Art Platformer Biome - Plains/Tilemap/TileGround22.asset using Guid(6fdb451d5be3c224e845031c34bccfe7) Importer(815301076,1909f56bfc062723c751e8b465ee728b)  -> (artifact id: '99093a266d27cd277d0fd8d3f6b20b44') in 0.019391 seconds
Number of updated asset objects reloaded before import = 0
Number of asset objects unloaded after import = 3
========================================================================
Received Import Request.
  Time since last request: 0.000035 seconds.
  path: Assets/2D Pixel Art Platformer Biome - Plains/Tilemap/TileGround7.asset
  artifactKey: Guid(4dd98f303e4e92c4b9b76b8575f7eb13) Importer(815301076,1909f56bfc062723c751e8b465ee728b)
Start importing Assets/2D Pixel Art Platformer Biome - Plains/Tilemap/TileGround7.asset using Guid(4dd98f303e4e92c4b9b76b8575f7eb13) Importer(815301076,1909f56bfc062723c751e8b465ee728b)  -> (artifact id: '6087ead2c00b31815a439de98a0fb2fa') in 0.021322 seconds
Number of updated asset objects reloaded before import = 0
Number of asset objects unloaded after import = 3
========================================================================
Received Import Request.
  Time since last request: 0.000118 seconds.
  path: Assets/2D Pixel Art Platformer Biome - Plains/Tilemap/TileGround19.asset
  artifactKey: Guid(9f12b6e55f7ac494c9e3d4364f8e4afb) Importer(815301076,1909f56bfc062723c751e8b465ee728b)
Start importing Assets/2D Pixel Art Platformer Biome - Plains/Tilemap/TileGround19.asset using Guid(9f12b6e55f7ac494c9e3d4364f8e4afb) Importer(815301076,1909f56bfc062723c751e8b465ee728b)  -> (artifact id: '333e6f4808d89d0178f8df3e3a197ee8') in 0.016867 seconds
Number of updated asset objects reloaded before import = 0
Number of asset objects unloaded after import = 3
========================================================================
Received Import Request.
  Time since last request: 919.093143 seconds.
  path: Assets/Cainos/Pixel Art Platformer - Village Props/Script
  artifactKey: Guid(63f64f5e91971ce46a21bff537c5ad6e) Importer(815301076,1909f56bfc062723c751e8b465ee728b)
Start importing Assets/Cainos/Pixel Art Platformer - Village Props/Script using Guid(63f64f5e91971ce46a21bff537c5ad6e) Importer(815301076,1909f56bfc062723c751e8b465ee728b)  -> (artifact id: '5faf9fbe1c77880141b6d930a9385e47') in 0.003378 seconds
Number of updated asset objects reloaded before import = 0
Number of asset objects unloaded after import = 0
========================================================================
Received Prepare
Begin MonoManager ReloadAssembly
Symbol file LoadedFromMemory doesn't match image C:\Something Soon\Library\PackageCache\com.unity.visualscripting@1.8.0\Editor\VisualScripting.Core\Dependencies\YamlDotNet\Unity.VisualScripting.YamlDotNet.dll
Symbol file LoadedFromMemory doesn't match image C:\Something Soon\Library\PackageCache\com.unity.visualscripting@1.8.0\Editor\VisualScripting.Core\Dependencies\DotNetZip\Unity.VisualScripting.IonicZip.dll
- Loaded All Assemblies, in  5.688 seconds
Refreshing native plugins compatible for Editor in 25.23 ms, found 4 plugins.
Native extension for WindowsStandalone target not found
Native extension for WebGL target not found
Mono: successfully reloaded assembly
- Finished resetting the current domain, in  6.124 seconds
Domain Reload Profiling: 11799ms
	BeginReloadAssembly (1506ms)
		ExecutionOrderSort (0ms)
		DisableScriptedObjects (143ms)
		BackupInstance (0ms)
		ReleaseScriptingObjects (1ms)
		CreateAndSetChildDomain (798ms)
	RebuildCommonClasses (199ms)
	RebuildNativeTypeToScriptingClass (94ms)
	initialDomainReloadingComplete (235ms)
	LoadAllAssembliesAndSetupDomain (3640ms)
		LoadAssemblies (2256ms)
		RebuildTransferFunctionScriptingTraits (0ms)
		AnalyzeDomain (1717ms)
			TypeCache.Refresh (1687ms)
				TypeCache.ScanAssembly (1474ms)
			ScanForSourceGeneratedMonoScriptInfo (1ms)
			ResolveRequiredComponents (29ms)
	FinalizeReload (6125ms)
		ReleaseScriptCaches (0ms)
		RebuildScriptCaches (0ms)
		SetupLoadedEditorAssemblies (1827ms)
			LogAssemblyErrors (0ms)
			InitializePlatformSupportModulesInManaged (35ms)
			SetLoadedEditorAssemblies (29ms)
			RefreshPlugins (0ms)
			BeforeProcessingInitializeOnLoad (320ms)
			ProcessInitializeOnLoadAttributes (1268ms)
			ProcessInitializeOnLoadMethodAttributes (148ms)
			AfterProcessingInitializeOnLoad (25ms)
			EditorAssembliesLoaded (1ms)
		ExecutionOrderSort2 (0ms)
		AwakeInstancesAfterBackupRestoration (57ms)
Refreshing native plugins compatible for Editor in 22.39 ms, found 4 plugins.
Preloading 0 native plugins for Editor in 0.00 ms.
Unloading 4090 Unused Serialized files (Serialized files now loaded: 0)
Unloading 41 unused Assets / (217.4 KB). Loaded Objects now: 4628.
Memory consumption went from 144.6 MB to 144.4 MB.
Total: 17.479000 ms (FindLiveObjects: 0.730500 ms CreateObjectMapping: 1.063300 ms MarkObjects: 15.161800 ms  DeleteObjects: 0.520700 ms)

Prepare: number of updated asset objects reloaded= 0
AssetImportParameters requested are different than current active one (requested -> active):
  custom:container-demuxer-ogg: 62fdf1f143b41e24485cea50d1cbac27 -> 
  custom:video-decoder-ogg-theora: a1e56fd34408186e4bbccfd4996cb3dc -> 
  custom:framework-win-MediaFoundation: 216162199b28c13a410421893ffa2e32 -> 
  custom:CustomObjectIndexerAttribute: 756ad292c208cfabdd7b50bc23989ffe -> 
  custom:container-demuxer-webm: 4f35f7cbe854078d1ac9338744f61a02 -> 
  custom:container-muxer-webm: aa71ff27fc2769a1b78a27578f13a17b -> 
  custom:video-decoder-webm-vp8: 9c59270c3fd7afecdb556c50c9e8de78 -> 
  custom:AudioImporter_EditorPlatform: d09bf68614088b80899f8185d706f6e7 -> 
  custom:video-encoder-webm-vp8: eb34c28f22e8b96e1ab97ce403110664 -> 
  custom:audio-decoder-ogg-vorbis: bf7c407c2cedff20999df2af8eb42d56 -> 
  custom:audio-encoder-webm-vorbis: bf7c407c2cedff20999df2af8eb42d56 -> 
========================================================================
Received Import Request.
  Time since last request: 255.624434 seconds.
  path: Assets/2D Pixel Art Platformer Biome - Plains/Atlas.spriteatlas
  artifactKey: Guid(73b7fbd841d808f419f70ebc75375c5c) Importer(815301076,1909f56bfc062723c751e8b465ee728b)
Start importing Assets/2D Pixel Art Platformer Biome - Plains/Atlas.spriteatlas using Guid(73b7fbd841d808f419f70ebc75375c5c) Importer(815301076,1909f56bfc062723c751e8b465ee728b)  -> (artifact id: '4c02930ffdd4146369206d4c4d785102') in 0.048549 seconds
Number of updated asset objects reloaded before import = 0
Number of asset objects unloaded after import = 1
